Successfully connected to the database!
Registered route: /login [POST]
Registered route: /register [POST]
Registered route: / []
Registered route: /properties [GET]
Registered route: /properties/tenant [GET]
Registered route: /property/{id:[0-9]+} [GET]
Registered route: /property/{id:[0-9]+}/manager [GET]
Registered route: /property [POST]
Registered route: /property/{id:[0-9]+} []
Registered route: /property/{id:[0-9]+}/floor [GET]
Registered route: /property/{id:[0-9]+}/floor [POST]
Registered route: /property/{id:[0-9]+}/floor/{floor_id:[0-9]+} [GET]
Registered route: /property/{id:[0-9]+}/floor/{floor_id:[0-9]+} [PUT]
Registered route: /property/{id:[0-9]+}/floor/{floor_id:[0-9]+}/request [POST]
Registered route: /property/{id:[0-9]+}/floor/{floor_id:[0-9]+}/tenant [POST]
Registered route: /property/{id:[0-9]+}/floor/{floor_id:[0-9]+}/tenant [DELETE]
Registered route: /property/{id:[0-9]+}/floor/{floor_id:[0-9]+}/payment [POST]
Registered route: /property/{id:[0-9]+}/floor/{floor_id:[0-9]+}/advance-payment [POST]
Registered route: /floor/{floor_id:[0-9]+}/payment-history [GET]
Registered route: /floor/{floor_id:[0-9]+}/payment [GET]
Registered route: /floor/{floor_id:[0-9]+}/advance-payment/check [GET]
Registered route: /floor/{floor_id:[0-9]+}/advance-payment [DELETE]
Registered route: /users/phones [GET]
Registered route: /users/phones/{phone} [GET]
Registered route: /notifications [GET]
Registered route: /notifications/mark-read [POST]
Registered route: /notifications/delete/{id} [DELETE]
Registered route: /notifications/action [POST]
Registered route: /notifications/send-comment [POST]
Registered route: /notifications/conversation [GET]
Registered route: /user/fcm-token [POST]
Registered route: /test/fcm-connection [GET]
Registered route: /test/push-notification [POST]
Registered route: /property/{id:[0-9]+}/floor/{floor_id:[0-9]+}/payment-notification [POST]
Registered route: /property/{id:[0-9]+}/floor/{floor_id:[0-9]+}/pending-payments [GET]
Registered route: /test/notifications [POST]
Registered route: /test/fcm-connection-public [GET]
Server starting on http://192.168.0.230:8080
2025/07/17 20:46:37 listen tcp :8080: bind: address already in use
